----------

Mon Oct 09 2023 18:11:48 GMT+0200 (Mitteleuropäische Sommerzeit)

warning: in the working copy of 'assets/bootstrap/css/bootstrap.min.css', LF will be replaced by CRLF the next time Git touches it


----------

Mon Oct 09 2023 18:11:48 GMT+0200 (Mitteleuropäische Sommerzeit)

warning: in the working copy of 'assets/bootstrap/js/bootstrap.min.js', LF will be replaced by CRLF the next time Git touches it
warning: in the working copy of 'assets/fonts/font-awesome.min.css', LF will be replaced by CRLF the next time Git touches it
warning: in the working copy of 'assets/fonts/fontawesome-webfont.svg', LF will be replaced by CRLF the next time Git touches it


----------

Mon Oct 09 2023 18:11:48 GMT+0200 (Mitteleuropäische Sommerzeit)

warning: in the working copy of 'assets/js/freelancer.js', LF will be replaced by CRLF the next time Git touches it


----------

Mon Oct 09 2023 18:11:48 GMT+0200 (Mitteleuropäische Sommerzeit)

warning: in the working copy of 'index.html', LF will be replaced by CRLF the next time Git touches it


----------

Mon Oct 09 2023 18:11:50 GMT+0200 (Mitteleuropäische Sommerzeit)

To https://github.com/rhedev/rhedev.github.io
   e4fbaeb..f900eec  main -> main


----------

Mon Oct 09 2023 18:13:47 GMT+0200 (Mitteleuropäische Sommerzeit)

warning: in the working copy of 'assets/bootstrap/css/bootstrap.min.css', LF will be replaced by CRLF the next time Git touches it


----------

Mon Oct 09 2023 18:13:47 GMT+0200 (Mitteleuropäische Sommerzeit)

warning: in the working copy of 'assets/bootstrap/js/bootstrap.min.js', LF will be replaced by CRLF the next time Git touches it


----------

Mon Oct 09 2023 18:13:47 GMT+0200 (Mitteleuropäische Sommerzeit)

warning: in the working copy of 'assets/fonts/font-awesome.min.css', LF will be replaced by CRLF the next time Git touches it


----------

Mon Oct 09 2023 18:13:47 GMT+0200 (Mitteleuropäische Sommerzeit)

warning: in the working copy of 'assets/fonts/fontawesome-webfont.svg', LF will be replaced by CRLF the next time Git touches it


----------

Mon Oct 09 2023 18:13:47 GMT+0200 (Mitteleuropäische Sommerzeit)

warning: in the working copy of 'assets/js/freelancer.js', LF will be replaced by CRLF the next time Git touches it


----------

Mon Oct 09 2023 18:13:47 GMT+0200 (Mitteleuropäische Sommerzeit)

warning: in the working copy of 'index.html', LF will be replaced by CRLF the next time Git touches it


----------

Mon Oct 09 2023 18:13:47 GMT+0200 (Mitteleuropäische Sommerzeit)

warning: in the working copy of 'error.log', LF will be replaced by CRLF the next time Git touches it


----------

Mon Oct 09 2023 18:13:49 GMT+0200 (Mitteleuropäische Sommerzeit)

To https://github.com/rhedev/rhedev.github.io
   f900eec..6fd938a  main -> main


----------

Mon Oct 09 2023 21:48:46 GMT+0200 (Mitteleuropäische Sommerzeit)

warning: in the working copy of 'assets/bootstrap/css/bootstrap.min.css', LF will be replaced by CRLF the next time Git touches it


----------

Mon Oct 09 2023 21:48:46 GMT+0200 (Mitteleuropäische Sommerzeit)

warning: in the working copy of 'assets/bootstrap/js/bootstrap.min.js', LF will be replaced by CRLF the next time Git touches it


----------

Mon Oct 09 2023 21:48:46 GMT+0200 (Mitteleuropäische Sommerzeit)

warning: in the working copy of 'assets/fonts/font-awesome.min.css', LF will be replaced by CRLF the next time Git touches it


----------

Mon Oct 09 2023 21:48:46 GMT+0200 (Mitteleuropäische Sommerzeit)

warning: in the working copy of 'assets/fonts/fontawesome-webfont.svg', LF will be replaced by CRLF the next time Git touches it


----------

Mon Oct 09 2023 21:48:46 GMT+0200 (Mitteleuropäische Sommerzeit)

warning: in the working copy of 'assets/js/freelancer.js', LF will be replaced by CRLF the next time Git touches it


----------

Mon Oct 09 2023 21:48:46 GMT+0200 (Mitteleuropäische Sommerzeit)

warning: in the working copy of 'error.log', LF will be replaced by CRLF the next time Git touches it


----------

Mon Oct 09 2023 21:48:46 GMT+0200 (Mitteleuropäische Sommerzeit)

warning: in the working copy of 'index.html', LF will be replaced by CRLF the next time Git touches it


----------

Mon Oct 09 2023 21:48:49 GMT+0200 (Mitteleuropäische Sommerzeit)

To https://github.com/rhedev/rhedev.github.io
   6fd938a..2b38ce9  main -> main


----------

Mon Oct 09 2023 22:40:18 GMT+0200 (Mitteleuropäische Sommerzeit)

warning: in the working copy of 'assets/bootstrap/css/bootstrap.min.css', LF will be replaced by CRLF the next time Git touches it


----------

Mon Oct 09 2023 22:40:18 GMT+0200 (Mitteleuropäische Sommerzeit)

warning: in the working copy of 'assets/bootstrap/js/bootstrap.min.js', LF will be replaced by CRLF the next time Git touches it


----------

Mon Oct 09 2023 22:40:18 GMT+0200 (Mitteleuropäische Sommerzeit)

warning: in the working copy of 'assets/fonts/font-awesome.min.css', LF will be replaced by CRLF the next time Git touches it


----------

Mon Oct 09 2023 22:40:18 GMT+0200 (Mitteleuropäische Sommerzeit)

warning: in the working copy of 'assets/fonts/fontawesome-webfont.svg', LF will be replaced by CRLF the next time Git touches it


----------

Mon Oct 09 2023 22:40:18 GMT+0200 (Mitteleuropäische Sommerzeit)

warning: in the working copy of 'assets/js/freelancer.js', LF will be replaced by CRLF the next time Git touches it


----------

Mon Oct 09 2023 22:40:18 GMT+0200 (Mitteleuropäische Sommerzeit)

warning: in the working copy of 'error.log', LF will be replaced by CRLF the next time Git touches it


----------

Mon Oct 09 2023 22:40:18 GMT+0200 (Mitteleuropäische Sommerzeit)

warning: in the working copy of 'index.html', LF will be replaced by CRLF the next time Git touches it


----------

Mon Oct 09 2023 22:40:20 GMT+0200 (Mitteleuropäische Sommerzeit)

To https://github.com/rhedev/rhedev.github.io
   2b38ce9..fad6394  main -> main


----------

Mon Oct 09 2023 22:44:47 GMT+0200 (Mitteleuropäische Sommerzeit)

warning: in the working copy of 'assets/bootstrap/css/bootstrap.min.css', LF will be replaced by CRLF the next time Git touches it


----------

Mon Oct 09 2023 22:44:47 GMT+0200 (Mitteleuropäische Sommerzeit)

warning: in the working copy of 'assets/bootstrap/js/bootstrap.min.js', LF will be replaced by CRLF the next time Git touches it


----------

Mon Oct 09 2023 22:44:47 GMT+0200 (Mitteleuropäische Sommerzeit)

warning: in the working copy of 'assets/fonts/font-awesome.min.css', LF will be replaced by CRLF the next time Git touches it


----------

Mon Oct 09 2023 22:44:47 GMT+0200 (Mitteleuropäische Sommerzeit)

warning: in the working copy of 'assets/fonts/fontawesome-webfont.svg', LF will be replaced by CRLF the next time Git touches it


----------

Mon Oct 09 2023 22:44:47 GMT+0200 (Mitteleuropäische Sommerzeit)

warning: in the working copy of 'assets/js/freelancer.js', LF will be replaced by CRLF the next time Git touches it


----------

Mon Oct 09 2023 22:44:47 GMT+0200 (Mitteleuropäische Sommerzeit)

warning: in the working copy of 'error.log', LF will be replaced by CRLF the next time Git touches it


----------

Mon Oct 09 2023 22:44:47 GMT+0200 (Mitteleuropäische Sommerzeit)

warning: in the working copy of 'index.html', LF will be replaced by CRLF the next time Git touches it


----------

Mon Oct 09 2023 22:44:49 GMT+0200 (Mitteleuropäische Sommerzeit)

To https://github.com/rhedev/rhedev.github.io
   fad6394..147d9c4  main -> main


